INFO:root:*** Starting log. Starting at top-left position. First move will be (0, 1).
INFO:root:m, n shape of input = (8, 8)
INFO:root:moving by (0, 1)
INFO:root:Adding 11 to the list
INFO:root:List now: [32, 11]
INFO:root:Current full moves order schedule = [(0, 1), (1, -1), (1, 0), (-1, 1)]
INFO:root:Current position = (0, 1)
INFO:root:moving by (1, -1)
INFO:root:Adding -108 to the list
INFO:root:List now: [32, 11, -108]
INFO:root:Last move was (1, -1). Now at left-most column.
INFO:root:Current full moves order schedule = [(0, 1), (1, -1), (1, 0), (-1, 1)]
INFO:root:Current position = (1, 0)
INFO:root:moving by (1, 0)
INFO:root:Adding 42 to the list
INFO:root:List now: [32, 11, -108, 42]
INFO:root:Current full moves order schedule = [(0, 1), (1, -1), (1, 0), (-1, 1)]
INFO:root:Current position = (2, 0)
INFO:root:moving by (-1, 1)
INFO:root:Adding 0 to the list
INFO:root:List now: [32, 11, -108, 42, 0]
INFO:root:Current full moves order schedule = [(0, 1), (1, -1), (1, 0), (-1, 1)]
INFO:root:Current position = (1, 1)
INFO:root:moving by (-1, 1)
INFO:root:Adding 0 to the list
INFO:root:List now: [32, 11, -108, 42, 0, 0]
INFO:root:Last move was (-1, 1). Now at top-most row.
INFO:root:Current full moves order schedule = [(0, 1), (1, -1), (1, 0), (-1, 1)]
INFO:root:Current position = (0, 2)
INFO:root:moving by (0, 1)
INFO:root:Adding 0 to the list
INFO:root:List now: [32, 11, -108, 42, 0, 0, 0]
INFO:root:Current full moves order schedule = [(0, 1), (1, -1), (1, 0), (-1, 1)]
INFO:root:Current position = (0, 3)
INFO:root:moving by (1, -1)
INFO:root:Adding 0 to the list
INFO:root:List now: [32, 11, -108, 42, 0, 0, 0, 0]
INFO:root:Current full moves order schedule = [(0, 1), (1, -1), (1, 0), (-1, 1)]
INFO:root:Current position = (1, 2)
INFO:root:moving by (1, -1)
INFO:root:Adding 0 to the list
INFO:root:List now: [32, 11, -108, 42, 0, 0, 0, 0, 0]
INFO:root:Current full moves order schedule = [(0, 1), (1, -1), (1, 0), (-1, 1)]
INFO:root:Current position = (2, 1)
INFO:root:moving by (1, -1)
INFO:root:Adding 0 to the list
INFO:root:List now: [32, 11, -108, 42, 0, 0, 0, 0, 0, 0]
INFO:root:Last move was (1, -1). Now at left-most column.
INFO:root:Current full moves order schedule = [(0, 1), (1, -1), (1, 0), (-1, 1)]
INFO:root:Current position = (3, 0)
INFO:root:moving by (1, 0)
INFO:root:Adding 0 to the list
INFO:root:List now: [32, 11, -108, 42, 0, 0, 0, 0, 0, 0, 0]
INFO:root:Current full moves order schedule = [(0, 1), (1, -1), (1, 0), (-1, 1)]
INFO:root:Current position = (4, 0)
INFO:root:moving by (-1, 1)
INFO:root:Adding 0 to the list
INFO:root:List now: [32, 11, -108, 42, 0, 0, 0, 0, 0, 0, 0, 0]
INFO:root:Current full moves order schedule = [(0, 1), (1, -1), (1, 0), (-1, 1)]
INFO:root:Current position = (3, 1)
INFO:root:moving by (-1, 1)
INFO:root:Adding 0 to the list
INFO:root:List now: [32, 11, -108, 42, 0, 0, 0, 0, 0, 0, 0, 0, 0]
INFO:root:Current full moves order schedule = [(0, 1), (1, -1), (1, 0), (-1, 1)]
INFO:root:Current position = (2, 2)
INFO:root:moving by (-1, 1)
INFO:root:Adding 0 to the list
INFO:root:List now: [32, 11, -108, 42, 0, 0, 0, 0, 0, 0, 0, 0, 0, 0]
INFO:root:Current full moves order schedule = [(0, 1), (1, -1), (1, 0), (-1, 1)]
INFO:root:Current position = (1, 3)
INFO:root:moving by (-1, 1)
INFO:root:Adding 0 to the list
INFO:root:List now: [32, 11, -108, 42, 0, 0, 0, 0, 0, 0, 0, 0, 0, 0, 0]
INFO:root:Last move was (-1, 1). Now at top-most row.
INFO:root:Current full moves order schedule = [(0, 1), (1, -1), (1, 0), (-1, 1)]
INFO:root:Current position = (0, 4)
INFO:root:moving by (0, 1)
INFO:root:Adding 0 to the list
INFO:root:List now: [32, 11, -108, 42, 0, 0, 0, 0, 0, 0, 0, 0, 0, 0, 0, 0]
INFO:root:Current full moves order schedule = [(0, 1), (1, -1), (1, 0), (-1, 1)]
INFO:root:Current position = (0, 5)
INFO:root:moving by (1, -1)
INFO:root:Adding 0 to the list
INFO:root:List now: [32, 11, -108, 42, 0, 0, 0, 0, 0, 0, 0, 0, 0, 0, 0, 0, 0]
INFO:root:Current full moves order schedule = [(0, 1), (1, -1), (1, 0), (-1, 1)]
INFO:root:Current position = (1, 4)
INFO:root:moving by (1, -1)
INFO:root:Adding 0 to the list
INFO:root:List now: [32, 11, -108, 42, 0, 0, 0, 0, 0, 0, 0, 0, 0, 0, 0, 0, 0, 0]
INFO:root:Current full moves order schedule = [(0, 1), (1, -1), (1, 0), (-1, 1)]
INFO:root:Current position = (2, 3)
INFO:root:moving by (1, -1)
INFO:root:Adding 0 to the list
INFO:root:List now: [32, 11, -108, 42, 0, 0, 0, 0, 0, 0, 0, 0, 0, 0, 0, 0, 0, 0, 0]
INFO:root:Current full moves order schedule = [(0, 1), (1, -1), (1, 0), (-1, 1)]
INFO:root:Current position = (3, 2)
INFO:root:moving by (1, -1)
INFO:root:Adding 0 to the list
INFO:root:List now: [32, 11, -108, 42, 0, 0, 0, 0, 0, 0, 0, 0, 0, 0, 0, 0, 0, 0, 0, 0]
INFO:root:Current full moves order schedule = [(0, 1), (1, -1), (1, 0), (-1, 1)]
INFO:root:Current position = (4, 1)
INFO:root:moving by (1, -1)
INFO:root:Adding 0 to the list
INFO:root:List now: [32, 11, -108, 42, 0, 0, 0, 0, 0, 0, 0, 0, 0, 0, 0, 0, 0, 0, 0, 0, 0]
INFO:root:Last move was (1, -1). Now at left-most column.
INFO:root:Current full moves order schedule = [(0, 1), (1, -1), (1, 0), (-1, 1)]
INFO:root:Current position = (5, 0)
INFO:root:moving by (1, 0)
INFO:root:Adding 0 to the list
INFO:root:List now: [32, 11, -108, 42, 0, 0, 0, 0, 0, 0, 0, 0, 0, 0, 0, 0, 0, 0, 0, 0, 0, 0]
INFO:root:Current full moves order schedule = [(0, 1), (1, -1), (1, 0), (-1, 1)]
INFO:root:Current position = (6, 0)
INFO:root:moving by (-1, 1)
INFO:root:Adding 0 to the list
INFO:root:List now: [32, 11, -108, 42, 0, 0, 0, 0, 0, 0, 0, 0, 0, 0, 0, 0, 0, 0, 0, 0, 0, 0, 0]
INFO:root:Current full moves order schedule = [(0, 1), (1, -1), (1, 0), (-1, 1)]
INFO:root:Current position = (5, 1)
INFO:root:moving by (-1, 1)
INFO:root:Adding 0 to the list
INFO:root:List now: [32, 11, -108, 42, 0, 0, 0, 0, 0, 0, 0, 0, 0, 0, 0, 0, 0, 0, 0, 0, 0, 0, 0, 0]
INFO:root:Current full moves order schedule = [(0, 1), (1, -1), (1, 0), (-1, 1)]
INFO:root:Current position = (4, 2)
INFO:root:moving by (-1, 1)
INFO:root:Adding 0 to the list
INFO:root:List now: [32, 11, -108, 42, 0, 0, 0, 0, 0, 0, 0, 0, 0, 0, 0, 0, 0, 0, 0, 0, 0, 0, 0, 0, 0]
INFO:root:Current full moves order schedule = [(0, 1), (1, -1), (1, 0), (-1, 1)]
INFO:root:Current position = (3, 3)
INFO:root:moving by (-1, 1)
INFO:root:Adding 0 to the list
INFO:root:List now: [32, 11, -108, 42, 0, 0, 0, 0, 0, 0, 0, 0, 0, 0, 0, 0, 0, 0, 0, 0, 0, 0, 0, 0, 0, 0]
INFO:root:Current full moves order schedule = [(0, 1), (1, -1), (1, 0), (-1, 1)]
INFO:root:Current position = (2, 4)
INFO:root:moving by (-1, 1)
INFO:root:Adding 0 to the list
INFO:root:List now: [32, 11, -108, 42, 0, 0, 0, 0, 0, 0, 0, 0, 0, 0, 0, 0, 0, 0, 0, 0, 0, 0, 0, 0, 0, 0, 0]
INFO:root:Current full moves order schedule = [(0, 1), (1, -1), (1, 0), (-1, 1)]
INFO:root:Current position = (1, 5)
INFO:root:moving by (-1, 1)
INFO:root:Adding 0 to the list
INFO:root:List now: [32, 11, -108, 42, 0, 0, 0, 0, 0, 0, 0, 0, 0, 0, 0, 0, 0, 0, 0, 0, 0, 0, 0, 0, 0, 0, 0, 0]
INFO:root:Last move was (-1, 1). Now at top-most row.
INFO:root:Current full moves order schedule = [(0, 1), (1, -1), (1, 0), (-1, 1)]
INFO:root:Current position = (0, 6)
INFO:root:moving by (0, 1)
INFO:root:Adding 0 to the list
INFO:root:List now: [32, 11, -108, 42, 0, 0, 0, 0, 0, 0, 0, 0, 0, 0, 0, 0, 0, 0, 0, 0, 0, 0, 0, 0, 0, 0, 0, 0, 0]
INFO:root:At right-most column: changing next scheduled r -> d
INFO:root:Scheduled right-move found at index 0. Changing
INFO:root:Current full moves order schedule = [(1, 0), (1, -1), (1, 0), (-1, 1)]
INFO:root:Current position = (0, 7)
INFO:root:moving by (1, -1)
INFO:root:Adding 0 to the list
INFO:root:List now: [32, 11, -108, 42, 0, 0, 0, 0, 0, 0, 0, 0, 0, 0, 0, 0, 0, 0, 0, 0, 0, 0, 0, 0, 0, 0, 0, 0, 0, 0]
INFO:root:Current full moves order schedule = [(1, 0), (1, -1), (1, 0), (-1, 1)]
INFO:root:Current position = (1, 6)
INFO:root:moving by (1, -1)
INFO:root:Adding 0 to the list
INFO:root:List now: [32, 11, -108, 42, 0, 0, 0, 0, 0, 0, 0, 0, 0, 0, 0, 0, 0, 0, 0, 0, 0, 0, 0, 0, 0, 0, 0, 0, 0, 0, 0]
INFO:root:Current full moves order schedule = [(1, 0), (1, -1), (1, 0), (-1, 1)]
INFO:root:Current position = (2, 5)
INFO:root:moving by (1, -1)
INFO:root:Adding 0 to the list
INFO:root:List now: [32, 11, -108, 42, 0, 0, 0, 0, 0, 0, 0, 0, 0, 0, 0, 0, 0, 0, 0, 0, 0, 0, 0, 0, 0, 0, 0, 0, 0, 0, 0, 0]
INFO:root:Current full moves order schedule = [(1, 0), (1, -1), (1, 0), (-1, 1)]
INFO:root:Current position = (3, 4)
INFO:root:moving by (1, -1)
INFO:root:Adding 0 to the list
INFO:root:List now: [32, 11, -108, 42, 0, 0, 0, 0, 0, 0, 0, 0, 0, 0, 0, 0, 0, 0, 0, 0, 0, 0, 0, 0, 0, 0, 0, 0, 0, 0, 0, 0, 0]
INFO:root:Current full moves order schedule = [(1, 0), (1, -1), (1, 0), (-1, 1)]
INFO:root:Current position = (4, 3)
INFO:root:moving by (1, -1)
INFO:root:Adding 0 to the list
INFO:root:List now: [32, 11, -108, 42, 0, 0, 0, 0, 0, 0, 0, 0, 0, 0, 0, 0, 0, 0, 0, 0, 0, 0, 0, 0, 0, 0, 0, 0, 0, 0, 0, 0, 0, 0]
INFO:root:Current full moves order schedule = [(1, 0), (1, -1), (1, 0), (-1, 1)]
INFO:root:Current position = (5, 2)
INFO:root:moving by (1, -1)
INFO:root:Adding 0 to the list
INFO:root:List now: [32, 11, -108, 42, 0, 0, 0, 0, 0, 0, 0, 0, 0, 0, 0, 0, 0, 0, 0, 0, 0, 0, 0, 0, 0, 0, 0, 0, 0, 0, 0, 0, 0, 0, 0]
INFO:root:Current full moves order schedule = [(1, 0), (1, -1), (1, 0), (-1, 1)]
INFO:root:Current position = (6, 1)
INFO:root:moving by (1, -1)
INFO:root:Adding 0 to the list
INFO:root:List now: [32, 11, -108, 42, 0, 0, 0, 0, 0, 0, 0, 0, 0, 0, 0, 0, 0, 0, 0, 0, 0, 0, 0, 0, 0, 0, 0, 0, 0, 0, 0, 0, 0, 0, 0, 0]
INFO:root:Last move was (1, -1). Now at left-most column.
INFO:root:... and at bottom-most row.
INFO:root:At bottom-most row: changing next scheduled d -> r
INFO:root:Scheduled down-move found at index 0. Changing
INFO:root:Scheduled down-move found at index 2. Changing
INFO:root:Current full moves order schedule = [(0, 1), (1, -1), (0, 1), (-1, 1)]
INFO:root:Current position = (7, 0)
INFO:root:moving by (0, 1)
INFO:root:Adding 0 to the list
INFO:root:List now: [32, 11, -108, 42, 0, 0, 0, 0, 0, 0, 0, 0, 0, 0, 0, 0, 0, 0, 0, 0, 0, 0, 0, 0, 0, 0, 0, 0, 0, 0, 0, 0, 0, 0, 0, 0, 0]
INFO:root:At bottom-most row: changing next scheduled d -> r
INFO:root:Current full moves order schedule = [(0, 1), (1, -1), (0, 1), (-1, 1)]
INFO:root:Current position = (7, 1)
INFO:root:moving by (-1, 1)
INFO:root:Adding 0 to the list
INFO:root:List now: [32, 11, -108, 42, 0, 0, 0, 0, 0, 0, 0, 0, 0, 0, 0, 0, 0, 0, 0, 0, 0, 0, 0, 0, 0, 0, 0, 0, 0, 0, 0, 0, 0, 0, 0, 0, 0, 0]
INFO:root:Current full moves order schedule = [(0, 1), (1, -1), (0, 1), (-1, 1)]
INFO:root:Current position = (6, 2)
INFO:root:moving by (-1, 1)
INFO:root:Adding 0 to the list
INFO:root:List now: [32, 11, -108, 42, 0, 0, 0, 0, 0, 0, 0, 0, 0, 0, 0, 0, 0, 0, 0, 0, 0, 0, 0, 0, 0, 0, 0, 0, 0, 0, 0, 0, 0, 0, 0, 0, 0, 0, 0]
INFO:root:Current full moves order schedule = [(0, 1), (1, -1), (0, 1), (-1, 1)]
INFO:root:Current position = (5, 3)
INFO:root:moving by (-1, 1)
INFO:root:Adding 0 to the list
INFO:root:List now: [32, 11, -108, 42, 0, 0, 0, 0, 0, 0, 0, 0, 0, 0, 0, 0, 0, 0, 0, 0, 0, 0, 0, 0, 0, 0, 0, 0, 0, 0, 0, 0, 0, 0, 0, 0, 0, 0, 0, 0]
INFO:root:Current full moves order schedule = [(0, 1), (1, -1), (0, 1), (-1, 1)]
INFO:root:Current position = (4, 4)
INFO:root:moving by (-1, 1)
INFO:root:Adding 0 to the list
INFO:root:List now: [32, 11, -108, 42, 0, 0, 0, 0, 0, 0, 0, 0, 0, 0, 0, 0, 0, 0, 0, 0, 0, 0, 0, 0, 0, 0, 0, 0, 0, 0, 0, 0, 0, 0, 0, 0, 0, 0, 0, 0, 0]
INFO:root:Current full moves order schedule = [(0, 1), (1, -1), (0, 1), (-1, 1)]
INFO:root:Current position = (3, 5)
INFO:root:moving by (-1, 1)
INFO:root:Adding 0 to the list
INFO:root:List now: [32, 11, -108, 42, 0, 0, 0, 0, 0, 0, 0, 0, 0, 0, 0, 0, 0, 0, 0, 0, 0, 0, 0, 0, 0, 0, 0, 0, 0, 0, 0, 0, 0, 0, 0, 0, 0, 0, 0, 0, 0, 0]
INFO:root:Current full moves order schedule = [(0, 1), (1, -1), (0, 1), (-1, 1)]
INFO:root:Current position = (2, 6)
INFO:root:moving by (-1, 1)
INFO:root:Adding 0 to the list
INFO:root:List now: [32, 11, -108, 42, 0, 0, 0, 0, 0, 0, 0, 0, 0, 0, 0, 0, 0, 0, 0, 0, 0, 0, 0, 0, 0, 0, 0, 0, 0, 0, 0, 0, 0, 0, 0, 0, 0, 0, 0, 0, 0, 0, 0]
INFO:root:Last move was (-1, 1). Now at right-most column.
INFO:root:At right-most column: changing next scheduled r -> d
INFO:root:Scheduled right-move found at index 0. Changing
INFO:root:Scheduled right-move found at index 2. Changing
INFO:root:Current full moves order schedule = [(1, 0), (1, -1), (1, 0), (-1, 1)]
INFO:root:Current position = (1, 7)
INFO:root:moving by (1, 0)
INFO:root:Adding 0 to the list
INFO:root:List now: [32, 11, -108, 42, 0, 0, 0, 0, 0, 0, 0, 0, 0, 0, 0, 0, 0, 0, 0, 0, 0, 0, 0, 0, 0, 0, 0, 0, 0, 0, 0, 0, 0, 0, 0, 0, 0, 0, 0, 0, 0, 0, 0, 0]
INFO:root:At right-most column: changing next scheduled r -> d
INFO:root:Current full moves order schedule = [(1, 0), (1, -1), (1, 0), (-1, 1)]
INFO:root:Current position = (2, 7)
INFO:root:moving by (1, -1)
INFO:root:Adding 0 to the list
INFO:root:List now: [32, 11, -108, 42, 0, 0, 0, 0, 0, 0, 0, 0, 0, 0, 0, 0, 0, 0, 0, 0, 0, 0, 0, 0, 0, 0, 0, 0, 0, 0, 0, 0, 0, 0, 0, 0, 0, 0, 0, 0, 0, 0, 0, 0, 0]
INFO:root:Current full moves order schedule = [(1, 0), (1, -1), (1, 0), (-1, 1)]
INFO:root:Current position = (3, 6)
INFO:root:moving by (1, -1)
INFO:root:Adding 0 to the list
INFO:root:List now: [32, 11, -108, 42, 0, 0, 0, 0, 0, 0, 0, 0, 0, 0, 0, 0, 0, 0, 0, 0, 0, 0, 0, 0, 0, 0, 0, 0, 0, 0, 0, 0, 0, 0, 0, 0, 0, 0, 0, 0, 0, 0, 0, 0, 0, 0]
INFO:root:Current full moves order schedule = [(1, 0), (1, -1), (1, 0), (-1, 1)]
INFO:root:Current position = (4, 5)
INFO:root:moving by (1, -1)
INFO:root:Adding 0 to the list
INFO:root:List now: [32, 11, -108, 42, 0, 0, 0, 0, 0, 0, 0, 0, 0, 0, 0, 0, 0, 0, 0, 0, 0, 0, 0, 0, 0, 0, 0, 0, 0, 0, 0, 0, 0, 0, 0, 0, 0, 0, 0, 0, 0, 0, 0, 0, 0, 0, 0]
INFO:root:Current full moves order schedule = [(1, 0), (1, -1), (1, 0), (-1, 1)]
INFO:root:Current position = (5, 4)
INFO:root:moving by (1, -1)
INFO:root:Adding 0 to the list
INFO:root:List now: [32, 11, -108, 42, 0, 0, 0, 0, 0, 0, 0, 0, 0, 0, 0, 0, 0, 0, 0, 0, 0, 0, 0, 0, 0, 0, 0, 0, 0, 0, 0, 0, 0, 0, 0, 0, 0, 0, 0, 0, 0, 0, 0, 0, 0, 0, 0, 0]
INFO:root:Current full moves order schedule = [(1, 0), (1, -1), (1, 0), (-1, 1)]
INFO:root:Current position = (6, 3)
INFO:root:moving by (1, -1)
INFO:root:Adding 0 to the list
INFO:root:List now: [32, 11, -108, 42, 0, 0, 0, 0, 0, 0, 0, 0, 0, 0, 0, 0, 0, 0, 0, 0, 0, 0, 0, 0, 0, 0, 0, 0, 0, 0, 0, 0, 0, 0, 0, 0, 0, 0, 0, 0, 0, 0, 0, 0, 0, 0, 0, 0, 0]
INFO:root:Last move was (1, -1). Now at bottom-most row.
INFO:root:At bottom-most row: changing next scheduled d -> r
INFO:root:Scheduled down-move found at index 0. Changing
INFO:root:Scheduled down-move found at index 2. Changing
INFO:root:Current full moves order schedule = [(0, 1), (1, -1), (0, 1), (-1, 1)]
INFO:root:Current position = (7, 2)
INFO:root:moving by (0, 1)
INFO:root:Adding 0 to the list
INFO:root:List now: [32, 11, -108, 42, 0, 0, 0, 0, 0, 0, 0, 0, 0, 0, 0, 0, 0, 0, 0, 0, 0, 0, 0, 0, 0, 0, 0, 0, 0, 0, 0, 0, 0, 0, 0, 0, 0, 0, 0, 0, 0, 0, 0, 0, 0, 0, 0, 0, 0, 0]
INFO:root:At bottom-most row: changing next scheduled d -> r
INFO:root:Current full moves order schedule = [(0, 1), (1, -1), (0, 1), (-1, 1)]
INFO:root:Current position = (7, 3)
INFO:root:moving by (-1, 1)
INFO:root:Adding 0 to the list
INFO:root:List now: [32, 11, -108, 42, 0, 0, 0, 0, 0, 0, 0, 0, 0, 0, 0, 0, 0, 0, 0, 0, 0, 0, 0, 0, 0, 0, 0, 0, 0, 0, 0, 0, 0, 0, 0, 0, 0, 0, 0, 0, 0, 0, 0, 0, 0, 0, 0, 0, 0, 0, 0]
INFO:root:Current full moves order schedule = [(0, 1), (1, -1), (0, 1), (-1, 1)]
INFO:root:Current position = (6, 4)
INFO:root:moving by (-1, 1)
INFO:root:Adding 0 to the list
INFO:root:List now: [32, 11, -108, 42, 0, 0, 0, 0, 0, 0, 0, 0, 0, 0, 0, 0, 0, 0, 0, 0, 0, 0, 0, 0, 0, 0, 0, 0, 0, 0, 0, 0, 0, 0, 0, 0, 0, 0, 0, 0, 0, 0, 0, 0, 0, 0, 0, 0, 0, 0, 0, 0]
INFO:root:Current full moves order schedule = [(0, 1), (1, -1), (0, 1), (-1, 1)]
INFO:root:Current position = (5, 5)
INFO:root:moving by (-1, 1)
INFO:root:Adding 0 to the list
INFO:root:List now: [32, 11, -108, 42, 0, 0, 0, 0, 0, 0, 0, 0, 0, 0, 0, 0, 0, 0, 0, 0, 0, 0, 0, 0, 0, 0, 0, 0, 0, 0, 0, 0, 0, 0, 0, 0, 0, 0, 0, 0, 0, 0, 0, 0, 0, 0, 0, 0, 0, 0, 0, 0, 0]
INFO:root:Current full moves order schedule = [(0, 1), (1, -1), (0, 1), (-1, 1)]
INFO:root:Current position = (4, 6)
INFO:root:moving by (-1, 1)
INFO:root:Adding 0 to the list
INFO:root:List now: [32, 11, -108, 42, 0, 0, 0, 0, 0, 0, 0, 0, 0, 0, 0, 0, 0, 0, 0, 0, 0, 0, 0, 0, 0, 0, 0, 0, 0, 0, 0, 0, 0, 0, 0, 0, 0, 0, 0, 0, 0, 0, 0, 0, 0, 0, 0, 0, 0, 0, 0, 0, 0, 0]
INFO:root:Last move was (-1, 1). Now at right-most column.
INFO:root:At right-most column: changing next scheduled r -> d
INFO:root:Scheduled right-move found at index 0. Changing
INFO:root:Scheduled right-move found at index 2. Changing
INFO:root:Current full moves order schedule = [(1, 0), (1, -1), (1, 0), (-1, 1)]
INFO:root:Current position = (3, 7)
INFO:root:moving by (1, 0)
INFO:root:Adding 0 to the list
INFO:root:List now: [32, 11, -108, 42, 0, 0, 0, 0, 0, 0, 0, 0, 0, 0, 0, 0, 0, 0, 0, 0, 0, 0, 0, 0, 0, 0, 0, 0, 0, 0, 0, 0, 0, 0, 0, 0, 0, 0, 0, 0, 0, 0, 0, 0, 0, 0, 0, 0, 0, 0, 0, 0, 0, 0, 0]
INFO:root:At right-most column: changing next scheduled r -> d
INFO:root:Current full moves order schedule = [(1, 0), (1, -1), (1, 0), (-1, 1)]
INFO:root:Current position = (4, 7)
INFO:root:moving by (1, -1)
INFO:root:Adding 0 to the list
INFO:root:List now: [32, 11, -108, 42, 0, 0, 0, 0, 0, 0, 0, 0, 0, 0, 0, 0, 0, 0, 0, 0, 0, 0, 0, 0, 0, 0, 0, 0, 0, 0, 0, 0, 0, 0, 0, 0, 0, 0, 0, 0, 0, 0, 0, 0, 0, 0, 0, 0, 0, 0, 0, 0, 0, 0, 0, 0]
INFO:root:Current full moves order schedule = [(1, 0), (1, -1), (1, 0), (-1, 1)]
INFO:root:Current position = (5, 6)
INFO:root:moving by (1, -1)
INFO:root:Adding 0 to the list
INFO:root:List now: [32, 11, -108, 42, 0, 0, 0, 0, 0, 0, 0, 0, 0, 0, 0, 0, 0, 0, 0, 0, 0, 0, 0, 0, 0, 0, 0, 0, 0, 0, 0, 0, 0, 0, 0, 0, 0, 0, 0, 0, 0, 0, 0, 0, 0, 0, 0, 0, 0, 0, 0, 0, 0, 0, 0, 0, 0]
INFO:root:Current full moves order schedule = [(1, 0), (1, -1), (1, 0), (-1, 1)]
INFO:root:Current position = (6, 5)
INFO:root:moving by (1, -1)
INFO:root:Adding 0 to the list
INFO:root:List now: [32, 11, -108, 42, 0, 0, 0, 0, 0, 0, 0, 0, 0, 0, 0, 0, 0, 0, 0, 0, 0, 0, 0, 0, 0, 0, 0, 0, 0, 0, 0, 0, 0, 0, 0, 0, 0, 0, 0, 0, 0, 0, 0, 0, 0, 0, 0, 0, 0, 0, 0, 0, 0, 0, 0, 0, 0, 0]
INFO:root:Last move was (1, -1). Now at bottom-most row.
INFO:root:At bottom-most row: changing next scheduled d -> r
INFO:root:Scheduled down-move found at index 0. Changing
INFO:root:Scheduled down-move found at index 2. Changing
INFO:root:Current full moves order schedule = [(0, 1), (1, -1), (0, 1), (-1, 1)]
INFO:root:Current position = (7, 4)
INFO:root:moving by (0, 1)
INFO:root:Adding 0 to the list
INFO:root:List now: [32, 11, -108, 42, 0, 0, 0, 0, 0, 0, 0, 0, 0, 0, 0, 0, 0, 0, 0, 0, 0, 0, 0, 0, 0, 0, 0, 0, 0, 0, 0, 0, 0, 0, 0, 0, 0, 0, 0, 0, 0, 0, 0, 0, 0, 0, 0, 0, 0, 0, 0, 0, 0, 0, 0, 0, 0, 0, 0]
INFO:root:At bottom-most row: changing next scheduled d -> r
INFO:root:Current full moves order schedule = [(0, 1), (1, -1), (0, 1), (-1, 1)]
INFO:root:Current position = (7, 5)
INFO:root:moving by (-1, 1)
INFO:root:Adding 0 to the list
INFO:root:List now: [32, 11, -108, 42, 0, 0, 0, 0, 0, 0, 0, 0, 0, 0, 0, 0, 0, 0, 0, 0, 0, 0, 0, 0, 0, 0, 0, 0, 0, 0, 0, 0, 0, 0, 0, 0, 0, 0, 0, 0, 0, 0, 0, 0, 0, 0, 0, 0, 0, 0, 0, 0, 0, 0, 0, 0, 0, 0, 0, 0]
INFO:root:Current full moves order schedule = [(0, 1), (1, -1), (0, 1), (-1, 1)]
INFO:root:Current position = (6, 6)
INFO:root:moving by (-1, 1)
INFO:root:Adding 0 to the list
INFO:root:List now: [32, 11, -108, 42, 0, 0, 0, 0, 0, 0, 0, 0, 0, 0, 0, 0, 0, 0, 0, 0, 0, 0, 0, 0, 0, 0, 0, 0, 0, 0, 0, 0, 0, 0, 0, 0, 0, 0, 0, 0, 0, 0, 0, 0, 0, 0, 0, 0, 0, 0, 0, 0, 0, 0, 0, 0, 0, 0, 0, 0, 0]
INFO:root:Last move was (-1, 1). Now at right-most column.
INFO:root:At right-most column: changing next scheduled r -> d
INFO:root:Scheduled right-move found at index 0. Changing
INFO:root:Scheduled right-move found at index 2. Changing
INFO:root:Current full moves order schedule = [(1, 0), (1, -1), (1, 0), (-1, 1)]
INFO:root:Current position = (5, 7)
INFO:root:moving by (1, 0)
INFO:root:Adding 0 to the list
INFO:root:List now: [32, 11, -108, 42, 0, 0, 0, 0, 0, 0, 0, 0, 0, 0, 0, 0, 0, 0, 0, 0, 0, 0, 0, 0, 0, 0, 0, 0, 0, 0, 0, 0, 0, 0, 0, 0, 0, 0, 0, 0, 0, 0, 0, 0, 0, 0, 0, 0, 0, 0, 0, 0, 0, 0, 0, 0, 0, 0, 0, 0, 0, 0]
INFO:root:At right-most column: changing next scheduled r -> d
INFO:root:Current full moves order schedule = [(1, 0), (1, -1), (1, 0), (-1, 1)]
INFO:root:Current position = (6, 7)
INFO:root:moving by (1, -1)
INFO:root:Adding 0 to the list
INFO:root:List now: [32, 11, -108, 42, 0, 0, 0, 0, 0, 0, 0, 0, 0, 0, 0, 0, 0, 0, 0, 0, 0, 0, 0, 0, 0, 0, 0, 0, 0, 0, 0, 0, 0, 0, 0, 0, 0, 0, 0, 0, 0, 0, 0, 0, 0, 0, 0, 0, 0, 0, 0, 0, 0, 0, 0, 0, 0, 0, 0, 0, 0, 0, 0]
INFO:root:Last move was (1, -1). Now at bottom-most row.
INFO:root:At bottom-most row: changing next scheduled d -> r
INFO:root:Scheduled down-move found at index 0. Changing
INFO:root:Scheduled down-move found at index 2. Changing
INFO:root:Current full moves order schedule = [(0, 1), (1, -1), (0, 1), (-1, 1)]
INFO:root:Current position = (7, 6)
INFO:root:moving by (0, 1)
INFO:root:Adding 0 to the list
INFO:root:List now: [32, 11, -108, 42, 0, 0, 0, 0, 0, 0, 0, 0, 0, 0, 0, 0, 0, 0, 0, 0, 0, 0, 0, 0, 0, 0, 0, 0, 0, 0, 0, 0, 0, 0, 0, 0, 0, 0, 0, 0, 0, 0, 0, 0, 0, 0, 0, 0, 0, 0, 0, 0, 0, 0, 0, 0, 0, 0, 0, 0, 0, 0, 0, 0]
INFO:root:At bottom-most row: changing next scheduled d -> r
INFO:root:At right-most column: changing next scheduled r -> d
INFO:root:Scheduled right-move found at index 0. Changing
INFO:root:Scheduled right-move found at index 2. Changing
INFO:root:Current full moves order schedule = [(1, 0), (1, -1), (1, 0), (-1, 1)]
INFO:root:Current position = (7, 7)
